2018-12-14 15:01:47 752465 32635 9182 4212 0 705683 0
2018-12-14 15:01:47 752465 32635 9182 4212 0 705683 0
2018-12-14 15:01:47 752465 32635 9182 4212 0 705683 0
2018-12-14 15:01:47 752465 32635 9182 4212 0 705683 0
2018-12-14 15:01:47 752465 32635 9182 4212 0 705683 0
2018-12-14 15:01:47 752465 32635 9182 4212 0 705683 0
2018-12-14 15:01:47 752465 32635 9182 4212 0 705683 0
2018-12-14 15:01:47 752465 32635 9182 4212 0 705683 0
2018-12-14 15:01:47 752465 32635 9182 4212 0 705683 0
2018-12-14 15:01:47 752465 32635 9182 4212 0 705683 0
2018-12-14 15:01:47 752465 32635 9182 4212 0 705683 0
2018-12-14 15:01:47 752465 32635 9182 4212 0 705683 0
2018-12-14 15:01:47 752465 32700 9182 4212 0 705683 0
2018-12-14 15:01:47 752465 32700 9182 4212 0 705683 0
2018-12-14 15:01:47 752465 32700 9182 4212 0 705683 0
2018-12-14 15:01:47 752465 32700 9182 4212 0 705683 0
2018-12-14 15:01:47 752465 32700 9182 4212 0 705683 0
2018-12-14 15:01:47 752465 32700 9182 4212 0 705683 0
2018-12-14 15:01:47 752465 32766 9182 4212 0 705683 0
2018-12-14 15:01:47 752465 32766 9182 4212 0 705683 0
2018-12-14 15:01:47 752465 32766 9182 4212 0 705683 0
2018-12-14 15:01:47 752465 32766 9182 4212 0 705683 0
2018-12-14 15:01:47 752465 32766 9182 4212 0 705683 0
2018-12-14 15:01:47 752465 32766 9182 4212 0 705683 0
2018-12-14 15:01:47 752593 32671 9182 4212 0 705811 0
2018-12-14 15:01:47 752593 32671 9182 4212 0 705811 0
2018-12-14 15:01:47 752593 32671 9182 4212 0 705811 0
2018-12-14 15:01:47 752593 32671 9182 4212 0 705811 0
2018-12-14 15:01:47 752593 32671 9182 4212 0 705811 0
2018-12-14 15:01:47 752593 32736 9182 4212 0 705811 0
2018-12-14 15:01:47 752593 32736 9182 4212 0 705811 0
2018-12-14 15:01:47 752593 32736 9182 4212 0 705811 0
2018-12-14 15:01:47 752593 32736 9182 4212 0 705811 0
2018-12-14 15:01:47 752593 32736 9182 4212 0 705811 0
2018-12-14 15:01:47 752593 32736 9182 4212 0 705811 0
2018-12-14 15:01:47 752593 32736 9182 4212 0 705811 0
2018-12-14 15:01:47 752593 32736 9182 4212 0 705811 0
2018-12-14 15:01:47 752593 32802 9182 4212 0 705811 0
2018-12-14 15:01:47 752593 32802 9182 4212 0 705811 0
2018-12-14 15:01:47 752593 32802 9182 4212 0 705811 0
2018-12-14 15:01:47 752593 32802 9182 4212 0 705811 0
2018-12-14 15:01:47 752593 32802 9182 4212 0 705811 0
2018-12-14 15:01:47 752593 32804 9182 4212 0 705811 0
2018-12-14 15:01:47 752593 32804 9182 4212 0 705811 0
2018-12-14 15:01:47 752593 32804 9182 4212 0 705811 0
2018-12-14 15:01:47 752593 32804 9182 4212 0 705811 0
2018-12-14 15:01:47 752593 32804 9182 4212 0 705811 0
2018-12-14 15:01:47 752593 32804 9182 4212 0 705811 0
2018-12-14 15:01:47 752593 32804 9182 4212 0 705811 0
2018-12-14 15:01:47 752593 32804 9182 4212 0 705811 0
2018-12-14 15:01:47 752593 32936 9182 4212 0 705811 0
2018-12-14 15:01:47 752593 32936 9182 4212 0 705811 0
